C:\USERS\SILENT\DOWNLOADS\BASE 17526 SOURCE\BASE\BASE 17544 SOURCE\BASE CLIENT\BASE\RELEASE_LTCG\BASE.EXE
C:\USERS\SILENT\DOWNLOADS\BASE 17526 SOURCE\BASE\BASE 17544 SOURCE\BASE CLIENT\BASE\RELEASE_LTCG\BASE.OBJ
C:\USERS\SILENT\DOWNLOADS\BASE 17526 SOURCE\BASE\BASE 17544 SOURCE\BASE CLIENT\BASE\RELEASE_LTCG\BASE.PCH
C:\USERS\SILENT\DOWNLOADS\BASE 17526 SOURCE\BASE\BASE 17544 SOURCE\BASE CLIENT\BASE\RELEASE_LTCG\BASE.PDB
C:\Users\silent\Downloads\Base 17526 Source\base\Base 17544 Source\Base Client\Base\Release_LTCG\Base.xdb
C:\Users\silent\Downloads\Base 17526 Source\base\Base 17544 Source\Base Client\Base\Release_LTCG\Base.xex
C:\Users\silent\Downloads\Base 17526 Source\base\Base 17544 Source\Base Client\Base\Release_LTCG\cl.command.1.tlog
C:\Users\silent\Downloads\Base 17526 Source\base\Base 17544 Source\Base Client\Base\Release_LTCG\CL.read.1.tlog
C:\Users\silent\Downloads\Base 17526 Source\base\Base 17544 Source\Base Client\Base\Release_LTCG\CL.write.1.tlog
C:\USERS\SILENT\DOWNLOADS\BASE 17526 SOURCE\BASE\BASE 17544 SOURCE\BASE CLIENT\BASE\RELEASE_LTCG\HVPEEKPOKE.OBJ
C:\USERS\SILENT\DOWNLOADS\BASE 17526 SOURCE\BASE\BASE 17544 SOURCE\BASE CLIENT\BASE\RELEASE_LTCG\KEYVAULT.OBJ
C:\Users\silent\Downloads\Base 17526 Source\base\Base 17544 Source\Base Client\Base\Release_LTCG\link.command.1.tlog
C:\Users\silent\Downloads\Base 17526 Source\base\Base 17544 Source\Base Client\Base\Release_LTCG\link.read.1.tlog
C:\Users\silent\Downloads\Base 17526 Source\base\Base 17544 Source\Base Client\Base\Release_LTCG\link.write.1.tlog
C:\USERS\SILENT\DOWNLOADS\BASE 17526 SOURCE\BASE\BASE 17544 SOURCE\BASE CLIENT\BASE\RELEASE_LTCG\SERVER.OBJ
C:\USERS\SILENT\DOWNLOADS\BASE 17526 SOURCE\BASE\BASE 17544 SOURCE\BASE CLIENT\BASE\RELEASE_LTCG\SOCKETS.OBJ
C:\USERS\SILENT\DOWNLOADS\BASE 17526 SOURCE\BASE\BASE 17544 SOURCE\BASE CLIENT\BASE\RELEASE_LTCG\STDAFX.OBJ
C:\USERS\SILENT\DOWNLOADS\BASE 17526 SOURCE\BASE\BASE 17544 SOURCE\BASE CLIENT\BASE\RELEASE_LTCG\SYSTEMHOOKS.OBJ
C:\USERS\SILENT\DOWNLOADS\BASE 17526 SOURCE\BASE\BASE 17544 SOURCE\BASE CLIENT\BASE\RELEASE_LTCG\TITLEHOOKS.OBJ
C:\USERS\SILENT\DOWNLOADS\BASE 17526 SOURCE\BASE\BASE 17544 SOURCE\BASE CLIENT\BASE\RELEASE_LTCG\UTILITIES.OBJ
C:\USERS\SILENT\DOWNLOADS\BASE 17526 SOURCE\BASE\BASE 17544 SOURCE\BASE CLIENT\BASE\RELEASE_LTCG\VC100.PDB
C:\USERS\SILENT\DOWNLOADS\BASE 17526 SOURCE\BASE\BASE 17544 SOURCE\BASE CLIENT\BASE\RELEASE_LTCG\XOSC.OBJ
